Started GET "/" for 127.0.0.1 at 2019-05-08 16:33:34 -0400
Processing by KeyboardDemosController#demo1 as HTML
  Rendering keyboard_demos/demo1.html.erb within layouts/application
  Rendered keyboard_demos/demo1.html.erb within layouts/application (1.0ms)
Completed 200 OK in 2032ms (Views: 2022.3ms | ActiveRecord: 0.0ms)


Started GET "/" for 127.0.0.1 at 2019-05-08 17:39:46 -0400
Processing by KeyboardDemosController#demo1 as HTML
  Rendering keyboard_demos/demo1.html.erb within layouts/application
  Rendered keyboard_demos/demo1.html.erb within layouts/application (0.8ms)
Completed 200 OK in 430ms (Views: 420.5ms | ActiveRecord: 0.0ms)


Started GET "/" for 127.0.0.1 at 2019-05-08 17:41:39 -0400
Processing by KeyboardDemosController#demo1 as HTML
  Rendering keyboard_demos/demo1.html.erb within layouts/application
  Rendered keyboard_demos/demo1.html.erb within layouts/application (1.1ms)
Completed 200 OK in 413ms (Views: 404.0ms | ActiveRecord: 0.0ms)


Started GET "/" for 127.0.0.1 at 2019-05-08 23:22:45 -0400
Processing by KeyboardDemosController#demo1 as HTML
  Rendering keyboard_demos/demo1.html.erb within layouts/application
  Rendered keyboard_demos/demo1.html.erb within layouts/application (0.6ms)
Completed 200 OK in 139ms (Views: 136.9ms | ActiveRecord: 0.0ms)


Started GET "/" for 127.0.0.1 at 2019-05-08 23:29:01 -0400
Processing by KeyboardDemosController#demo1 as HTML
  Rendering keyboard_demos/demo1.html.erb within layouts/application
  Rendered keyboard_demos/demo1.html.erb within layouts/application (1.6ms)
Completed 200 OK in 515ms (Views: 504.6ms | ActiveRecord: 0.0ms)


Started GET "/" for 127.0.0.1 at 2019-05-09 17:32:22 -0400
Processing by KeyboardDemosController#demo1 as HTML
  Rendering keyboard_demos/demo1.html.erb within layouts/application
  Rendered keyboard_demos/demo1.html.erb within layouts/application (2.9ms)
Completed 200 OK in 970ms (Views: 960.2ms | ActiveRecord: 0.0ms)


Started GET "/" for 127.0.0.1 at 2019-05-09 17:33:59 -0400
Processing by KeyboardDemosController#demo1 as HTML
  Rendering keyboard_demos/demo1.html.erb within layouts/application
  Rendered keyboard_demos/demo1.html.erb within layouts/application (0.6ms)
Completed 200 OK in 29ms (Views: 27.2ms | ActiveRecord: 0.0ms)


Started GET "/" for 127.0.0.1 at 2019-05-09 17:34:15 -0400
Processing by KeyboardDemosController#demo1 as HTML
  Rendering keyboard_demos/demo1.html.erb within layouts/application
  Rendered keyboard_demos/demo1.html.erb within layouts/application (0.6ms)
Completed 200 OK in 45ms (Views: 43.2ms | ActiveRecord: 0.0ms)


Started GET "/" for 127.0.0.1 at 2019-05-09 17:37:42 -0400
Processing by KeyboardDemosController#demo1 as HTML
  Rendering keyboard_demos/demo1.html.erb within layouts/application
  Rendered keyboard_demos/demo1.html.erb within layouts/application (0.6ms)
Completed 200 OK in 169ms (Views: 167.5ms | ActiveRecord: 0.0ms)


Started GET "/" for 127.0.0.1 at 2019-05-09 17:38:27 -0400
Processing by KeyboardDemosController#demo1 as HTML
  Rendering keyboard_demos/demo1.html.erb within layouts/application
  Rendered keyboard_demos/demo1.html.erb within layouts/application (0.4ms)
Completed 200 OK in 142ms (Views: 140.8ms | ActiveRecord: 0.0ms)


Started GET "/" for 127.0.0.1 at 2019-05-09 17:44:09 -0400
Processing by KeyboardDemosController#demo1 as HTML
  Rendering keyboard_demos/demo1.html.erb within layouts/application
  Rendered keyboard_demos/demo1.html.erb within layouts/application (0.6ms)
Completed 200 OK in 95ms (Views: 93.0ms | ActiveRecord: 0.0ms)


Started GET "/" for 127.0.0.1 at 2019-05-09 17:44:30 -0400
Processing by KeyboardDemosController#demo1 as HTML
  Rendering keyboard_demos/demo1.html.erb within layouts/application
  Rendered keyboard_demos/demo1.html.erb within layouts/application (1.6ms)
Completed 200 OK in 410ms (Views: 400.4ms | ActiveRecord: 0.0ms)


Started GET "/" for 127.0.0.1 at 2019-05-09 17:46:32 -0400
Processing by KeyboardDemosController#demo1 as HTML
  Rendering keyboard_demos/demo1.html.erb within layouts/application
  Rendered keyboard_demos/demo1.html.erb within layouts/application (0.4ms)
Completed 200 OK in 30ms (Views: 28.5ms | ActiveRecord: 0.0ms)


Started GET "/" for 127.0.0.1 at 2019-05-09 17:47:21 -0400
Processing by KeyboardDemosController#demo1 as HTML
  Rendering keyboard_demos/demo1.html.erb within layouts/application
  Rendered keyboard_demos/demo1.html.erb within layouts/application (1.0ms)
Completed 200 OK in 335ms (Views: 325.1ms | ActiveRecord: 0.0ms)


Started GET "/" for 127.0.0.1 at 2019-05-09 17:48:39 -0400
Processing by KeyboardDemosController#demo1 as HTML
  Rendering keyboard_demos/demo1.html.erb within layouts/application
  Rendered keyboard_demos/demo1.html.erb within layouts/application (0.4ms)
Completed 200 OK in 89ms (Views: 87.6ms | ActiveRecord: 0.0ms)


Started GET "/" for 127.0.0.1 at 2019-05-09 17:51:32 -0400
Processing by KeyboardDemosController#demo1 as HTML
  Rendering keyboard_demos/demo1.html.erb within layouts/application
  Rendered keyboard_demos/demo1.html.erb within layouts/application (0.4ms)
Completed 200 OK in 98ms (Views: 96.5ms | ActiveRecord: 0.0ms)


Started GET "/" for 127.0.0.1 at 2019-05-09 17:54:14 -0400
Processing by KeyboardDemosController#demo1 as HTML
  Rendering keyboard_demos/demo1.html.erb within layouts/application
  Rendered keyboard_demos/demo1.html.erb within layouts/application (0.4ms)
Completed 200 OK in 100ms (Views: 98.4ms | ActiveRecord: 0.0ms)


Started GET "/" for 127.0.0.1 at 2019-05-09 17:55:01 -0400
Processing by KeyboardDemosController#demo1 as HTML
  Rendering keyboard_demos/demo1.html.erb within layouts/application
  Rendered keyboard_demos/demo1.html.erb within layouts/application (0.6ms)
Completed 200 OK in 90ms (Views: 88.1ms | ActiveRecord: 0.0ms)


Started GET "/" for 127.0.0.1 at 2019-05-09 17:55:13 -0400
Processing by KeyboardDemosController#demo1 as HTML
  Rendering keyboard_demos/demo1.html.erb within layouts/application
  Rendered keyboard_demos/demo1.html.erb within layouts/application (1.0ms)
Completed 200 OK in 384ms (Views: 373.6ms | ActiveRecord: 0.0ms)


Started GET "/" for 127.0.0.1 at 2019-05-09 17:57:18 -0400
Processing by KeyboardDemosController#demo1 as HTML
  Rendering keyboard_demos/demo1.html.erb within layouts/application
  Rendered keyboard_demos/demo1.html.erb within layouts/application (0.4ms)
Completed 200 OK in 24ms (Views: 22.7ms | ActiveRecord: 0.0ms)


Started GET "/" for 127.0.0.1 at 2019-05-09 18:03:12 -0400
Processing by KeyboardDemosController#demo1 as HTML
  Rendering keyboard_demos/demo1.html.erb within layouts/application
  Rendered keyboard_demos/demo1.html.erb within layouts/application (0.4ms)
Completed 200 OK in 81ms (Views: 79.9ms | ActiveRecord: 0.0ms)


Started GET "/" for 127.0.0.1 at 2019-05-09 18:04:04 -0400
Processing by KeyboardDemosController#demo1 as HTML
  Rendering keyboard_demos/demo1.html.erb within layouts/application
  Rendered keyboard_demos/demo1.html.erb within layouts/application (0.4ms)
Completed 200 OK in 98ms (Views: 96.6ms | ActiveRecord: 0.0ms)


Started GET "/" for 127.0.0.1 at 2019-05-09 18:04:20 -0400
Processing by KeyboardDemosController#demo1 as HTML
  Rendering keyboard_demos/demo1.html.erb within layouts/application
  Rendered keyboard_demos/demo1.html.erb within layouts/application (1.5ms)
Completed 200 OK in 401ms (Views: 391.5ms | ActiveRecord: 0.0ms)


Started GET "/" for 127.0.0.1 at 2019-05-09 18:06:02 -0400
Processing by KeyboardDemosController#demo1 as HTML
  Rendering keyboard_demos/demo1.html.erb within layouts/application
  Rendered keyboard_demos/demo1.html.erb within layouts/application (0.5ms)
Completed 200 OK in 126ms (Views: 124.7ms | ActiveRecord: 0.0ms)


Started GET "/" for 127.0.0.1 at 2019-05-09 18:10:32 -0400
Processing by KeyboardDemosController#demo1 as HTML
  Rendering keyboard_demos/demo1.html.erb within layouts/application
  Rendered keyboard_demos/demo1.html.erb within layouts/application (2.2ms)
Completed 200 OK in 414ms (Views: 404.8ms | ActiveRecord: 0.0ms)


Started GET "/" for 127.0.0.1 at 2019-05-09 18:12:11 -0400
Processing by KeyboardDemosController#demo1 as HTML
  Rendering keyboard_demos/demo1.html.erb within layouts/application
  Rendered keyboard_demos/demo1.html.erb within layouts/application (1.1ms)
Completed 200 OK in 269ms (Views: 257.0ms | ActiveRecord: 0.0ms)


Started GET "/" for 127.0.0.1 at 2019-05-09 18:12:59 -0400
Processing by KeyboardDemosController#demo1 as HTML
  Rendering keyboard_demos/demo1.html.erb within layouts/application
  Rendered keyboard_demos/demo1.html.erb within layouts/application (0.9ms)
Completed 200 OK in 339ms (Views: 329.6ms | ActiveRecord: 0.0ms)


Started GET "/" for 127.0.0.1 at 2019-05-09 18:30:05 -0400
Processing by KeyboardDemosController#demo1 as HTML
  Rendering keyboard_demos/demo1.html.erb within layouts/application
  Rendered keyboard_demos/demo1.html.erb within layouts/application (1.2ms)
Completed 200 OK in 594ms (Views: 584.8ms | ActiveRecord: 0.0ms)


Started GET "/" for 127.0.0.1 at 2019-05-09 18:36:38 -0400
Processing by KeyboardDemosController#demo1 as HTML
  Rendering keyboard_demos/demo1.html.erb within layouts/application
  Rendered keyboard_demos/demo1.html.erb within layouts/application (0.4ms)
Completed 200 OK in 149ms (Views: 148.1ms | ActiveRecord: 0.0ms)


Started GET "/" for 127.0.0.1 at 2019-05-09 18:45:44 -0400
Processing by KeyboardDemosController#demo1 as HTML
  Rendering keyboard_demos/demo1.html.erb within layouts/application
  Rendered keyboard_demos/demo1.html.erb within layouts/application (1.1ms)
Completed 200 OK in 105ms (Views: 103.5ms | ActiveRecord: 0.0ms)


Started GET "/" for 127.0.0.1 at 2019-05-09 18:57:23 -0400
Processing by KeyboardDemosController#demo1 as HTML
  Rendering keyboard_demos/demo1.html.erb within layouts/application
  Rendered keyboard_demos/demo1.html.erb within layouts/application (0.6ms)
Completed 200 OK in 29ms (Views: 27.0ms | ActiveRecord: 0.0ms)


Started GET "/" for 127.0.0.1 at 2019-05-09 18:58:51 -0400
Processing by KeyboardDemosController#demo1 as HTML
  Rendering keyboard_demos/demo1.html.erb within layouts/application
  Rendered keyboard_demos/demo1.html.erb within layouts/application (0.6ms)
Completed 200 OK in 105ms (Views: 102.5ms | ActiveRecord: 0.0ms)


Started GET "/" for 127.0.0.1 at 2019-05-09 19:30:25 -0400
Processing by KeyboardDemosController#demo1 as HTML
  Rendering keyboard_demos/demo1.html.erb within layouts/application
  Rendered keyboard_demos/demo1.html.erb within layouts/application (0.4ms)
Completed 200 OK in 70ms (Views: 68.4ms | ActiveRecord: 0.0ms)


Started GET "/" for 127.0.0.1 at 2019-05-09 19:32:33 -0400
Processing by KeyboardDemosController#demo1 as HTML
  Rendering keyboard_demos/demo1.html.erb within layouts/application
  Rendered keyboard_demos/demo1.html.erb within layouts/application (0.4ms)
Completed 200 OK in 35ms (Views: 33.4ms | ActiveRecord: 0.0ms)


Started GET "/" for 127.0.0.1 at 2019-05-09 19:32:52 -0400
Processing by KeyboardDemosController#demo1 as HTML
  Rendering keyboard_demos/demo1.html.erb within layouts/application
  Rendered keyboard_demos/demo1.html.erb within layouts/application (0.5ms)
Completed 200 OK in 57ms (Views: 55.2ms | ActiveRecord: 0.0ms)


Started GET "/" for 127.0.0.1 at 2019-05-09 19:33:26 -0400
Processing by KeyboardDemosController#demo1 as HTML
  Rendering keyboard_demos/demo1.html.erb within layouts/application
  Rendered keyboard_demos/demo1.html.erb within layouts/application (0.5ms)
Completed 200 OK in 38ms (Views: 35.8ms | ActiveRecord: 0.0ms)


Started GET "/" for 127.0.0.1 at 2019-05-09 19:34:26 -0400
Processing by KeyboardDemosController#demo1 as HTML
  Rendering keyboard_demos/demo1.html.erb within layouts/application
  Rendered keyboard_demos/demo1.html.erb within layouts/application (0.7ms)
Completed 200 OK in 32ms (Views: 30.0ms | ActiveRecord: 0.0ms)


Started GET "/" for 127.0.0.1 at 2019-05-09 19:35:05 -0400
Processing by KeyboardDemosController#demo1 as HTML
  Rendering keyboard_demos/demo1.html.erb within layouts/application
  Rendered keyboard_demos/demo1.html.erb within layouts/application (0.6ms)
Completed 200 OK in 104ms (Views: 102.8ms | ActiveRecord: 0.0ms)


Started GET "/" for 127.0.0.1 at 2019-05-09 19:35:49 -0400
Processing by KeyboardDemosController#demo1 as HTML
  Rendering keyboard_demos/demo1.html.erb within layouts/application
  Rendered keyboard_demos/demo1.html.erb within layouts/application (0.5ms)
Completed 200 OK in 90ms (Views: 88.4ms | ActiveRecord: 0.0ms)


Started GET "/" for 127.0.0.1 at 2019-05-09 19:36:54 -0400
Processing by KeyboardDemosController#demo1 as HTML
  Rendering keyboard_demos/demo1.html.erb within layouts/application
  Rendered keyboard_demos/demo1.html.erb within layouts/application (1.0ms)
Completed 200 OK in 118ms (Views: 116.3ms | ActiveRecord: 0.0ms)


Started GET "/" for 127.0.0.1 at 2019-05-09 19:37:10 -0400
Processing by KeyboardDemosController#demo1 as HTML
  Rendering keyboard_demos/demo1.html.erb within layouts/application
  Rendered keyboard_demos/demo1.html.erb within layouts/application (1.0ms)
Completed 200 OK in 105ms (Views: 102.1ms | ActiveRecord: 0.0ms)


Started GET "/" for 127.0.0.1 at 2019-05-09 19:37:49 -0400
Processing by KeyboardDemosController#demo1 as HTML
  Rendering keyboard_demos/demo1.html.erb within layouts/application
  Rendered keyboard_demos/demo1.html.erb within layouts/application (0.6ms)
Completed 200 OK in 90ms (Views: 88.8ms | ActiveRecord: 0.0ms)


Started GET "/" for 127.0.0.1 at 2019-05-09 19:38:13 -0400
Processing by KeyboardDemosController#demo1 as HTML
  Rendering keyboard_demos/demo1.html.erb within layouts/application
  Rendered keyboard_demos/demo1.html.erb within layouts/application (0.6ms)
Completed 200 OK in 98ms (Views: 96.6ms | ActiveRecord: 0.0ms)


